INFO  [2019-06-08 18:43:02,656] org.springframework.web.context.support.AnnotationConfigWebApplicationContext: Closing Root WebApplicationContext: startup date [Sat Jun 08 23:15:43 IST 2019]; parent: Root WebApplicationContext
INFO  [2019-06-08 18:43:02,656] org.springframework.web.context.support.AnnotationConfigWebApplicationContext: Closing Root WebApplicationContext: startup date [Sat Jun 08 23:15:43 IST 2019]; root of context hierarchy
INFO  [2019-06-08 18:43:02,666] org.eclipse.jetty.server.ServerConnector: Stopped application@6a65daed{HTTP/1.1}{0.0.0.0:9000}
INFO  [2019-06-08 18:43:02,668] org.eclipse.jetty.server.ServerConnector: Stopped admin@5bb48619{HTTP/1.1}{0.0.0.0:9001}
INFO  [2019-06-08 18:43:02,671] org.eclipse.jetty.server.handler.ContextHandler: Stopped i.d.j.MutableServletContextHandler@637d9281{/,null,UNAVAILABLE}
INFO  [2019-06-08 18:43:02,683] org.eclipse.jetty.server.handler.ContextHandler: Stopped i.d.j.MutableServletContextHandler@9b7701f{/,null,UNAVAILABLE}
INFO  [2019-06-09 02:05:20,599] org.eclipse.jetty.util.log: Logging initialized @1303ms
INFO  [2019-06-09 02:05:20,664] io.dropwizard.assets.AssetsBundle: Registering AssetBundle with name: swagger-assets for path /media-ocean/retail-store/swagger-static/*
INFO  [2019-06-09 02:05:22,243] org.reflections.Reflections: Reflections took 1532 ms to scan 1 urls, producing 19654 keys and 36770 values 
INFO  [2019-06-09 02:05:22,373] org.springframework.web.context.support.AnnotationConfigWebApplicationContext: Refreshing Root WebApplicationContext: startup date [Sun Jun 09 07:35:22 IST 2019]; root of context hierarchy
INFO  [2019-06-09 02:05:22,485] org.springframework.beans.factory.annotation.AutowiredAnnotationBeanPostProcessor: JSR-330 'javax.inject.Inject' annotation found and supported for autowiring
INFO  [2019-06-09 02:05:22,529] org.springframework.web.context.support.AnnotationConfigWebApplicationContext: Refreshing Root WebApplicationContext: startup date [Sun Jun 09 07:35:22 IST 2019]; parent: Root WebApplicationContext
INFO  [2019-06-09 02:05:22,530] org.springframework.web.context.support.AnnotationConfigWebApplicationContext: Registering annotated classes: [class com.mediaocean.retailstore.config.RetailStoreSpringConfiguration]
INFO  [2019-06-09 02:05:22,674] org.springframework.beans.factory.annotation.AutowiredAnnotationBeanPostProcessor: JSR-330 'javax.inject.Inject' annotation found and supported for autowiring
INFO  [2019-06-09 02:05:22,892] org.reflections.Reflections: Reflections took 46 ms to scan 1 urls, producing 19 keys and 36 values 
INFO  [2019-06-09 02:05:22,894] io.dropwizard.server.ServerFactory: Starting retail-store
INFO  [2019-06-09 02:05:22,902] io.dropwizard.server.DefaultServerFactory: Registering jersey handler with root path prefix: /
INFO  [2019-06-09 02:05:22,916] io.dropwizard.server.DefaultServerFactory: Registering admin handler with root path prefix: /
INFO  [2019-06-09 02:05:22,974] org.eclipse.jetty.setuid.SetUIDListener: Opened application@37d88e50{HTTP/1.1}{0.0.0.0:9000}
INFO  [2019-06-09 02:05:22,974] org.eclipse.jetty.setuid.SetUIDListener: Opened admin@1ee2b6c3{HTTP/1.1}{0.0.0.0:9001}
INFO  [2019-06-09 02:05:22,977] org.eclipse.jetty.server.Server: jetty-9.2.z-SNAPSHOT
INFO  [2019-06-09 02:05:23,872] io.dropwizard.jersey.DropwizardResourceConfig: The following paths were found for the configured resources:

    POST    /media-ocean/retail-store/billing (com.mediaocean.retailstore.resources.BillingResource)
    GET     /media-ocean/retail-store/categories (com.mediaocean.retailstore.resources.CategoryResource)
    POST    /media-ocean/retail-store/categories (com.mediaocean.retailstore.resources.CategoryResource)
    GET     /media-ocean/retail-store/healthcheck (com.mediaocean.retailstore.resources.HealthCheckResource)
    GET     /media-ocean/retail-store/products (com.mediaocean.retailstore.resources.ProductResource)
    POST    /media-ocean/retail-store/products (com.mediaocean.retailstore.resources.ProductResource)
    GET     /media-ocean/retail-store/swagger (io.federecio.dropwizard.swagger.SwaggerResource)
    GET     /media-ocean/retail-store/swagger.json (com.wordnik.swagger.jaxrs.listing.ApiListingResource)
    GET     /media-ocean/retail-store/swagger.yaml (com.wordnik.swagger.jaxrs.listing.ApiListingResource)

INFO  [2019-06-09 02:05:23,873] org.eclipse.jetty.server.handler.ContextHandler: Started i.d.j.MutableServletContextHandler@4c740874{/,null,AVAILABLE}
INFO  [2019-06-09 02:05:23,878] io.dropwizard.setup.AdminEnvironment: tasks = 

    POST    /tasks/log-level (io.dropwizard.servlets.tasks.LogConfigurationTask)
    POST    /tasks/gc (io.dropwizard.servlets.tasks.GarbageCollectionTask)

INFO  [2019-06-09 02:05:23,882] org.eclipse.jetty.server.handler.ContextHandler: Started i.d.j.MutableServletContextHandler@5fea6cdb{/,null,AVAILABLE}
INFO  [2019-06-09 02:05:23,897] org.eclipse.jetty.server.ServerConnector: Started application@37d88e50{HTTP/1.1}{0.0.0.0:9000}
INFO  [2019-06-09 02:05:23,899] org.eclipse.jetty.server.ServerConnector: Started admin@1ee2b6c3{HTTP/1.1}{0.0.0.0:9001}
INFO  [2019-06-09 02:05:23,899] org.eclipse.jetty.server.Server: Started @4605ms
INFO  [2019-06-09 02:05:34,978] org.reflections.Reflections: Reflections took 1089 ms to scan 1 urls, producing 19654 keys and 36770 values 
ERROR [2019-06-09 02:05:52,364] com.mediaocean.retailstore.exception.RetailStoreExceptionMapper: RestResponse: [data: null, meta: ResponseMetadata({}, [Invalid Product ID in the Cart [0]. Resend request with correct product Id], {})]
! com.mediaocean.retailstore.exception.RetailStoreException: Invalid Product ID in the Cart [0]. Resend request with correct product Id
! at generateItemizedBill(BillingServiceImpl.java:26) ~[retail-store-1.0-SNAPSHOT.jar:na]
! at com.mediaocean.retailstore.resources.BillingResource.generateTotalBillAmount(BillingResource.java:39) ~[retail-store-1.0-SNAPSHOT.jar:na]
! at sun.reflect.NativeMethodAccessorImpl.invoke0(Native Method) ~[na:1.8.0_191]
! at sun.reflect.NativeMethodAccessorImpl.invoke(NativeMethodAccessorImpl.java:62) ~[na:1.8.0_191]
! at sun.reflect.DelegatingMethodAccessorImpl.invoke(DelegatingMethodAccessorImpl.java:43) ~[na:1.8.0_191]
! at java.lang.reflect.Method.invoke(Method.java:498) ~[na:1.8.0_191]
! at org.glassfish.jersey.server.model.internal.ResourceMethodInvocationHandlerFactory$1.invoke(ResourceMethodInvocationHandlerFactory.java:81) ~[retail-store-1.0-SNAPSHOT.jar:na]
! at org.glassfish.jersey.server.model.internal.AbstractJavaResourceMethodDispatcher$1.run(AbstractJavaResourceMethodDispatcher.java:144) ~[retail-store-1.0-SNAPSHOT.jar:na]
! at org.glassfish.jersey.server.model.internal.AbstractJavaResourceMethodDispatcher.invoke(AbstractJavaResourceMethodDispatcher.java:161) ~[retail-store-1.0-SNAPSHOT.jar:na]
! at org.glassfish.jersey.server.model.internal.JavaResourceMethodDispatcherProvider$TypeOutInvoker.doDispatch(JavaResourceMethodDispatcherProvider.java:205) ~[retail-store-1.0-SNAPSHOT.jar:na]
! at org.glassfish.jersey.server.model.internal.AbstractJavaResourceMethodDispatcher.dispatch(AbstractJavaResourceMethodDispatcher.java:99) ~[retail-store-1.0-SNAPSHOT.jar:na]
! at org.glassfish.jersey.server.model.ResourceMethodInvoker.invoke(ResourceMethodInvoker.java:389) ~[retail-store-1.0-SNAPSHOT.jar:na]
! at org.glassfish.jersey.server.model.ResourceMethodInvoker.apply(ResourceMethodInvoker.java:347) ~[retail-store-1.0-SNAPSHOT.jar:na]
! at org.glassfish.jersey.server.model.ResourceMethodInvoker.apply(ResourceMethodInvoker.java:102) ~[retail-store-1.0-SNAPSHOT.jar:na]
! at org.glassfish.jersey.server.ServerRuntime$2.run(ServerRuntime.java:326) ~[retail-store-1.0-SNAPSHOT.jar:na]
! at org.glassfish.jersey.internal.Errors$1.call(Errors.java:271) [retail-store-1.0-SNAPSHOT.jar:na]
! at org.glassfish.jersey.internal.Errors$1.call(Errors.java:267) [retail-store-1.0-SNAPSHOT.jar:na]
! at org.glassfish.jersey.internal.Errors.process(Errors.java:315) [retail-store-1.0-SNAPSHOT.jar:na]
! at org.glassfish.jersey.internal.Errors.process(Errors.java:297) [retail-store-1.0-SNAPSHOT.jar:na]
! at org.glassfish.jersey.internal.Errors.process(Errors.java:267) [retail-store-1.0-SNAPSHOT.jar:na]
! at org.glassfish.jersey.process.internal.RequestScope.runInScope(RequestScope.java:317) [retail-store-1.0-SNAPSHOT.jar:na]
! at org.glassfish.jersey.server.ServerRuntime.process(ServerRuntime.java:305) [retail-store-1.0-SNAPSHOT.jar:na]
! at org.glassfish.jersey.server.ApplicationHandler.handle(ApplicationHandler.java:1154) [retail-store-1.0-SNAPSHOT.jar:na]
! at org.glassfish.jersey.servlet.WebComponent.serviceImpl(WebComponent.java:471) [retail-store-1.0-SNAPSHOT.jar:na]
! at org.glassfish.jersey.servlet.WebComponent.service(WebComponent.java:425) [retail-store-1.0-SNAPSHOT.jar:na]
! at org.glassfish.jersey.servlet.ServletContainer.service(ServletContainer.java:383) [retail-store-1.0-SNAPSHOT.jar:na]
! at org.glassfish.jersey.servlet.ServletContainer.service(ServletContainer.java:336) [retail-store-1.0-SNAPSHOT.jar:na]
! at org.glassfish.jersey.servlet.ServletContainer.service(ServletContainer.java:223) [retail-store-1.0-SNAPSHOT.jar:na]
! at io.dropwizard.jetty.NonblockingServletHolder.handle(NonblockingServletHolder.java:49) [retail-store-1.0-SNAPSHOT.jar:na]
! at org.eclipse.jetty.servlet.ServletHandler$CachedChain.doFilter(ServletHandler.java:1669) [retail-store-1.0-SNAPSHOT.jar:na]
! at org.eclipse.jetty.servlets.UserAgentFilter.doFilter(UserAgentFilter.java:83) [retail-store-1.0-SNAPSHOT.jar:na]
! at org.eclipse.jetty.servlets.GzipFilter.doFilter(GzipFilter.java:300) [retail-store-1.0-SNAPSHOT.jar:na]
! at io.dropwizard.jetty.BiDiGzipFilter.doFilter(BiDiGzipFilter.java:132) [retail-store-1.0-SNAPSHOT.jar:na]
! at org.eclipse.jetty.servlet.ServletHandler$CachedChain.doFilter(ServletHandler.java:1652) [retail-store-1.0-SNAPSHOT.jar:na]
! at io.dropwizard.servlets.ThreadNameFilter.doFilter(ThreadNameFilter.java:29) [retail-store-1.0-SNAPSHOT.jar:na]
! at org.eclipse.jetty.servlet.ServletHandler$CachedChain.doFilter(ServletHandler.java:1652) [retail-store-1.0-SNAPSHOT.jar:na]
! at io.dropwizard.jersey.filter.AllowedMethodsFilter.handle(AllowedMethodsFilter.java:43) [retail-store-1.0-SNAPSHOT.jar:na]
! at io.dropwizard.jersey.filter.AllowedMethodsFilter.doFilter(AllowedMethodsFilter.java:38) [retail-store-1.0-SNAPSHOT.jar:na]
! at org.eclipse.jetty.servlet.ServletHandler$CachedChain.doFilter(ServletHandler.java:1652) [retail-store-1.0-SNAPSHOT.jar:na]
! at org.eclipse.jetty.servlet.ServletHandler.doHandle(ServletHandler.java:585) [retail-store-1.0-SNAPSHOT.jar:na]
! at org.eclipse.jetty.server.handler.ContextHandler.doHandle(ContextHandler.java:1127) [retail-store-1.0-SNAPSHOT.jar:na]
! at org.eclipse.jetty.servlet.ServletHandler.doScope(ServletHandler.java:515) [retail-store-1.0-SNAPSHOT.jar:na]
! at org.eclipse.jetty.server.handler.ContextHandler.doScope(ContextHandler.java:1061) [retail-store-1.0-SNAPSHOT.jar:na]
! at org.eclipse.jetty.server.handler.ScopedHandler.handle(ScopedHandler.java:141) [retail-store-1.0-SNAPSHOT.jar:na]
! at org.eclipse.jetty.server.handler.HandlerWrapper.handle(HandlerWrapper.java:97) [retail-store-1.0-SNAPSHOT.jar:na]
! at com.codahale.metrics.jetty9.InstrumentedHandler.handle(InstrumentedHandler.java:240) [retail-store-1.0-SNAPSHOT.jar:na]
! at io.dropwizard.jetty.RoutingHandler.handle(RoutingHandler.java:51) [retail-store-1.0-SNAPSHOT.jar:na]
! at org.eclipse.jetty.server.handler.HandlerWrapper.handle(HandlerWrapper.java:97) [retail-store-1.0-SNAPSHOT.jar:na]
! at org.eclipse.jetty.server.handler.RequestLogHandler.handle(RequestLogHandler.java:95) [retail-store-1.0-SNAPSHOT.jar:na]
! at org.eclipse.jetty.server.handler.HandlerWrapper.handle(HandlerWrapper.java:97) [retail-store-1.0-SNAPSHOT.jar:na]
! at org.eclipse.jetty.server.handler.StatisticsHandler.handle(StatisticsHandler.java:159) [retail-store-1.0-SNAPSHOT.jar:na]
! at org.eclipse.jetty.server.handler.HandlerWrapper.handle(HandlerWrapper.java:97) [retail-store-1.0-SNAPSHOT.jar:na]
! at org.eclipse.jetty.server.Server.handle(Server.java:499) [retail-store-1.0-SNAPSHOT.jar:na]
! at org.eclipse.jetty.server.HttpChannel.handle(HttpChannel.java:310) [retail-store-1.0-SNAPSHOT.jar:na]
! at org.eclipse.jetty.server.HttpConnection.onFillable(HttpConnection.java:257) [retail-store-1.0-SNAPSHOT.jar:na]
! at org.eclipse.jetty.io.AbstractConnection$2.run(AbstractConnection.java:540) [retail-store-1.0-SNAPSHOT.jar:na]
! at org.eclipse.jetty.util.thread.QueuedThreadPool.runJob(QueuedThreadPool.java:635) [retail-store-1.0-SNAPSHOT.jar:na]
! at org.eclipse.jetty.util.thread.QueuedThreadPool$3.run(QueuedThreadPool.java:555) [retail-store-1.0-SNAPSHOT.jar:na]
! at java.lang.Thread.run(Thread.java:748) [na:1.8.0_191]
INFO  [2019-06-09 02:12:44,370] org.springframework.web.context.support.AnnotationConfigWebApplicationContext: Closing Root WebApplicationContext: startup date [Sun Jun 09 07:35:22 IST 2019]; parent: Root WebApplicationContext
INFO  [2019-06-09 02:12:44,370] org.springframework.web.context.support.AnnotationConfigWebApplicationContext: Closing Root WebApplicationContext: startup date [Sun Jun 09 07:35:22 IST 2019]; root of context hierarchy
INFO  [2019-06-09 02:12:44,376] org.eclipse.jetty.server.ServerConnector: Stopped application@37d88e50{HTTP/1.1}{0.0.0.0:9000}
INFO  [2019-06-09 02:12:44,377] org.eclipse.jetty.server.ServerConnector: Stopped admin@1ee2b6c3{HTTP/1.1}{0.0.0.0:9001}
INFO  [2019-06-09 02:12:44,378] org.eclipse.jetty.server.handler.ContextHandler: Stopped i.d.j.MutableServletContextHandler@5fea6cdb{/,null,UNAVAILABLE}
INFO  [2019-06-09 02:12:44,385] org.eclipse.jetty.server.handler.ContextHandler: Stopped i.d.j.MutableServletContextHandler@4c740874{/,null,UNAVAILABLE}
INFO  [2019-06-09 02:14:20,363] org.eclipse.jetty.util.log: Logging initialized @1116ms
INFO  [2019-06-09 02:14:20,432] io.dropwizard.assets.AssetsBundle: Registering AssetBundle with name: swagger-assets for path /media-ocean/retail-store/swagger-static/*
INFO  [2019-06-09 02:14:22,090] org.reflections.Reflections: Reflections took 1610 ms to scan 1 urls, producing 19654 keys and 36770 values 
INFO  [2019-06-09 02:14:22,217] org.springframework.web.context.support.AnnotationConfigWebApplicationContext: Refreshing Root WebApplicationContext: startup date [Sun Jun 09 07:44:22 IST 2019]; root of context hierarchy
INFO  [2019-06-09 02:14:22,320] org.springframework.beans.factory.annotation.AutowiredAnnotationBeanPostProcessor: JSR-330 'javax.inject.Inject' annotation found and supported for autowiring
INFO  [2019-06-09 02:14:22,355] org.springframework.web.context.support.AnnotationConfigWebApplicationContext: Refreshing Root WebApplicationContext: startup date [Sun Jun 09 07:44:22 IST 2019]; parent: Root WebApplicationContext
INFO  [2019-06-09 02:14:22,356] org.springframework.web.context.support.AnnotationConfigWebApplicationContext: Registering annotated classes: [class com.mediaocean.retailstore.config.RetailStoreSpringConfiguration]
INFO  [2019-06-09 02:14:22,511] org.springframework.beans.factory.annotation.AutowiredAnnotationBeanPostProcessor: JSR-330 'javax.inject.Inject' annotation found and supported for autowiring
INFO  [2019-06-09 02:14:22,824] org.reflections.Reflections: Reflections took 67 ms to scan 1 urls, producing 19 keys and 36 values 
INFO  [2019-06-09 02:14:22,826] io.dropwizard.server.ServerFactory: Starting retail-store
INFO  [2019-06-09 02:14:22,834] io.dropwizard.server.DefaultServerFactory: Registering jersey handler with root path prefix: /
INFO  [2019-06-09 02:14:22,848] io.dropwizard.server.DefaultServerFactory: Registering admin handler with root path prefix: /
INFO  [2019-06-09 02:14:22,895] org.eclipse.jetty.setuid.SetUIDListener: Opened application@510fb1d8{HTTP/1.1}{0.0.0.0:9000}
INFO  [2019-06-09 02:14:22,895] org.eclipse.jetty.setuid.SetUIDListener: Opened admin@22d61fa7{HTTP/1.1}{0.0.0.0:9001}
INFO  [2019-06-09 02:14:22,898] org.eclipse.jetty.server.Server: jetty-9.2.z-SNAPSHOT
INFO  [2019-06-09 02:14:23,612] io.dropwizard.jersey.DropwizardResourceConfig: The following paths were found for the configured resources:

    POST    /media-ocean/retail-store/billing (com.mediaocean.retailstore.resources.BillingResource)
    GET     /media-ocean/retail-store/categories (com.mediaocean.retailstore.resources.CategoryResource)
    POST    /media-ocean/retail-store/categories (com.mediaocean.retailstore.resources.CategoryResource)
    GET     /media-ocean/retail-store/healthcheck (com.mediaocean.retailstore.resources.HealthCheckResource)
    GET     /media-ocean/retail-store/products (com.mediaocean.retailstore.resources.ProductResource)
    POST    /media-ocean/retail-store/products (com.mediaocean.retailstore.resources.ProductResource)
    GET     /media-ocean/retail-store/swagger (io.federecio.dropwizard.swagger.SwaggerResource)
    GET     /media-ocean/retail-store/swagger.json (com.wordnik.swagger.jaxrs.listing.ApiListingResource)
    GET     /media-ocean/retail-store/swagger.yaml (com.wordnik.swagger.jaxrs.listing.ApiListingResource)

INFO  [2019-06-09 02:14:23,614] org.eclipse.jetty.server.handler.ContextHandler: Started i.d.j.MutableServletContextHandler@4c740874{/,null,AVAILABLE}
INFO  [2019-06-09 02:14:23,617] io.dropwizard.setup.AdminEnvironment: tasks = 

    POST    /tasks/log-level (io.dropwizard.servlets.tasks.LogConfigurationTask)
    POST    /tasks/gc (io.dropwizard.servlets.tasks.GarbageCollectionTask)

INFO  [2019-06-09 02:14:23,621] org.eclipse.jetty.server.handler.ContextHandler: Started i.d.j.MutableServletContextHandler@5fea6cdb{/,null,AVAILABLE}
INFO  [2019-06-09 02:14:23,632] org.eclipse.jetty.server.ServerConnector: Started application@510fb1d8{HTTP/1.1}{0.0.0.0:9000}
INFO  [2019-06-09 02:14:23,634] org.eclipse.jetty.server.ServerConnector: Started admin@22d61fa7{HTTP/1.1}{0.0.0.0:9001}
INFO  [2019-06-09 02:14:23,635] org.eclipse.jetty.server.Server: Started @4388ms
INFO  [2019-06-09 02:16:04,535] org.springframework.web.context.support.AnnotationConfigWebApplicationContext: Closing Root WebApplicationContext: startup date [Sun Jun 09 07:44:22 IST 2019]; root of context hierarchy
INFO  [2019-06-09 02:16:04,535] org.springframework.web.context.support.AnnotationConfigWebApplicationContext: Closing Root WebApplicationContext: startup date [Sun Jun 09 07:44:22 IST 2019]; parent: Root WebApplicationContext
INFO  [2019-06-09 02:16:04,542] org.eclipse.jetty.server.ServerConnector: Stopped application@510fb1d8{HTTP/1.1}{0.0.0.0:9000}
INFO  [2019-06-09 02:16:04,543] org.eclipse.jetty.server.ServerConnector: Stopped admin@22d61fa7{HTTP/1.1}{0.0.0.0:9001}
INFO  [2019-06-09 02:16:04,544] org.eclipse.jetty.server.handler.ContextHandler: Stopped i.d.j.MutableServletContextHandler@5fea6cdb{/,null,UNAVAILABLE}
INFO  [2019-06-09 02:16:04,552] org.eclipse.jetty.server.handler.ContextHandler: Stopped i.d.j.MutableServletContextHandler@4c740874{/,null,UNAVAILABLE}
INFO  [2019-06-09 02:20:25,590] org.eclipse.jetty.util.log: Logging initialized @1111ms
INFO  [2019-06-09 02:20:25,658] io.dropwizard.assets.AssetsBundle: Registering AssetBundle with name: swagger-assets for path /media-ocean/retail-store/swagger-static/*
INFO  [2019-06-09 02:20:27,308] org.reflections.Reflections: Reflections took 1603 ms to scan 1 urls, producing 19654 keys and 36770 values 
INFO  [2019-06-09 02:20:27,444] org.springframework.web.context.support.AnnotationConfigWebApplicationContext: Refreshing Root WebApplicationContext: startup date [Sun Jun 09 07:50:27 IST 2019]; root of context hierarchy
INFO  [2019-06-09 02:20:27,552] org.springframework.beans.factory.annotation.AutowiredAnnotationBeanPostProcessor: JSR-330 'javax.inject.Inject' annotation found and supported for autowiring
INFO  [2019-06-09 02:20:27,590] org.springframework.web.context.support.AnnotationConfigWebApplicationContext: Refreshing Root WebApplicationContext: startup date [Sun Jun 09 07:50:27 IST 2019]; parent: Root WebApplicationContext
INFO  [2019-06-09 02:20:27,592] org.springframework.web.context.support.AnnotationConfigWebApplicationContext: Registering annotated classes: [class com.mediaocean.retailstore.config.RetailStoreSpringConfiguration]
INFO  [2019-06-09 02:20:27,765] org.springframework.beans.factory.annotation.AutowiredAnnotationBeanPostProcessor: JSR-330 'javax.inject.Inject' annotation found and supported for autowiring
INFO  [2019-06-09 02:20:28,007] org.reflections.Reflections: Reflections took 47 ms to scan 1 urls, producing 19 keys and 36 values 
INFO  [2019-06-09 02:20:28,010] io.dropwizard.server.ServerFactory: Starting retail-store
INFO  [2019-06-09 02:20:28,021] io.dropwizard.server.DefaultServerFactory: Registering jersey handler with root path prefix: /
INFO  [2019-06-09 02:20:28,034] io.dropwizard.server.DefaultServerFactory: Registering admin handler with root path prefix: /
INFO  [2019-06-09 02:20:28,096] org.eclipse.jetty.setuid.SetUIDListener: Opened application@4fd1458d{HTTP/1.1}{0.0.0.0:9000}
INFO  [2019-06-09 02:20:28,096] org.eclipse.jetty.setuid.SetUIDListener: Opened admin@5d6850f7{HTTP/1.1}{0.0.0.0:9001}
INFO  [2019-06-09 02:20:28,100] org.eclipse.jetty.server.Server: jetty-9.2.z-SNAPSHOT
INFO  [2019-06-09 02:20:28,851] io.dropwizard.jersey.DropwizardResourceConfig: The following paths were found for the configured resources:

    POST    /media-ocean/retail-store/billing (com.mediaocean.retailstore.resources.BillingResource)
    GET     /media-ocean/retail-store/categories (com.mediaocean.retailstore.resources.CategoryResource)
    POST    /media-ocean/retail-store/categories (com.mediaocean.retailstore.resources.CategoryResource)
    GET     /media-ocean/retail-store/healthcheck (com.mediaocean.retailstore.resources.HealthCheckResource)
    GET     /media-ocean/retail-store/products (com.mediaocean.retailstore.resources.ProductResource)
    POST    /media-ocean/retail-store/products (com.mediaocean.retailstore.resources.ProductResource)
    GET     /media-ocean/retail-store/swagger (io.federecio.dropwizard.swagger.SwaggerResource)
    GET     /media-ocean/retail-store/swagger.json (com.wordnik.swagger.jaxrs.listing.ApiListingResource)
    GET     /media-ocean/retail-store/swagger.yaml (com.wordnik.swagger.jaxrs.listing.ApiListingResource)

INFO  [2019-06-09 02:20:28,852] org.eclipse.jetty.server.handler.ContextHandler: Started i.d.j.MutableServletContextHandler@481beb8b{/,null,AVAILABLE}
INFO  [2019-06-09 02:20:28,857] io.dropwizard.setup.AdminEnvironment: tasks = 

    POST    /tasks/log-level (io.dropwizard.servlets.tasks.LogConfigurationTask)
    POST    /tasks/gc (io.dropwizard.servlets.tasks.GarbageCollectionTask)

INFO  [2019-06-09 02:20:28,861] org.eclipse.jetty.server.handler.ContextHandler: Started i.d.j.MutableServletContextHandler@6580f76c{/,null,AVAILABLE}
INFO  [2019-06-09 02:20:28,870] org.eclipse.jetty.server.ServerConnector: Started application@4fd1458d{HTTP/1.1}{0.0.0.0:9000}
INFO  [2019-06-09 02:20:28,873] org.eclipse.jetty.server.ServerConnector: Started admin@5d6850f7{HTTP/1.1}{0.0.0.0:9001}
INFO  [2019-06-09 02:20:28,873] org.eclipse.jetty.server.Server: Started @4395ms
ERROR [2019-06-09 02:20:49,544] com.mediaocean.retailstore.exception.RetailStoreExceptionMapper: com.mediaocean.retailstore.util.RestResponse@3b1b67ce
! com.mediaocean.retailstore.exception.RetailStoreException: Invalid Product ID in the Cart [0]. Resend request with correct product Id
! at generateItemizedBill(BillingServiceImpl.java:26) ~[retail-store-1.0-SNAPSHOT.jar:na]
! at com.mediaocean.retailstore.resources.BillingResource.generateTotalBillAmount(BillingResource.java:39) ~[retail-store-1.0-SNAPSHOT.jar:na]
! at sun.reflect.NativeMethodAccessorImpl.invoke0(Native Method) ~[na:1.8.0_191]
! at sun.reflect.NativeMethodAccessorImpl.invoke(NativeMethodAccessorImpl.java:62) ~[na:1.8.0_191]
! at sun.reflect.DelegatingMethodAccessorImpl.invoke(DelegatingMethodAccessorImpl.java:43) ~[na:1.8.0_191]
! at java.lang.reflect.Method.invoke(Method.java:498) ~[na:1.8.0_191]
! at org.glassfish.jersey.server.model.internal.ResourceMethodInvocationHandlerFactory$1.invoke(ResourceMethodInvocationHandlerFactory.java:81) ~[retail-store-1.0-SNAPSHOT.jar:na]
! at org.glassfish.jersey.server.model.internal.AbstractJavaResourceMethodDispatcher$1.run(AbstractJavaResourceMethodDispatcher.java:144) ~[retail-store-1.0-SNAPSHOT.jar:na]
! at org.glassfish.jersey.server.model.internal.AbstractJavaResourceMethodDispatcher.invoke(AbstractJavaResourceMethodDispatcher.java:161) ~[retail-store-1.0-SNAPSHOT.jar:na]
! at org.glassfish.jersey.server.model.internal.JavaResourceMethodDispatcherProvider$TypeOutInvoker.doDispatch(JavaResourceMethodDispatcherProvider.java:205) ~[retail-store-1.0-SNAPSHOT.jar:na]
! at org.glassfish.jersey.server.model.internal.AbstractJavaResourceMethodDispatcher.dispatch(AbstractJavaResourceMethodDispatcher.java:99) ~[retail-store-1.0-SNAPSHOT.jar:na]
! at org.glassfish.jersey.server.model.ResourceMethodInvoker.invoke(ResourceMethodInvoker.java:389) ~[retail-store-1.0-SNAPSHOT.jar:na]
! at org.glassfish.jersey.server.model.ResourceMethodInvoker.apply(ResourceMethodInvoker.java:347) ~[retail-store-1.0-SNAPSHOT.jar:na]
! at org.glassfish.jersey.server.model.ResourceMethodInvoker.apply(ResourceMethodInvoker.java:102) ~[retail-store-1.0-SNAPSHOT.jar:na]
! at org.glassfish.jersey.server.ServerRuntime$2.run(ServerRuntime.java:326) ~[retail-store-1.0-SNAPSHOT.jar:na]
! at org.glassfish.jersey.internal.Errors$1.call(Errors.java:271) [retail-store-1.0-SNAPSHOT.jar:na]
! at org.glassfish.jersey.internal.Errors$1.call(Errors.java:267) [retail-store-1.0-SNAPSHOT.jar:na]
! at org.glassfish.jersey.internal.Errors.process(Errors.java:315) [retail-store-1.0-SNAPSHOT.jar:na]
! at org.glassfish.jersey.internal.Errors.process(Errors.java:297) [retail-store-1.0-SNAPSHOT.jar:na]
! at org.glassfish.jersey.internal.Errors.process(Errors.java:267) [retail-store-1.0-SNAPSHOT.jar:na]
! at org.glassfish.jersey.process.internal.RequestScope.runInScope(RequestScope.java:317) [retail-store-1.0-SNAPSHOT.jar:na]
! at org.glassfish.jersey.server.ServerRuntime.process(ServerRuntime.java:305) [retail-store-1.0-SNAPSHOT.jar:na]
! at org.glassfish.jersey.server.ApplicationHandler.handle(ApplicationHandler.java:1154) [retail-store-1.0-SNAPSHOT.jar:na]
! at org.glassfish.jersey.servlet.WebComponent.serviceImpl(WebComponent.java:471) [retail-store-1.0-SNAPSHOT.jar:na]
! at org.glassfish.jersey.servlet.WebComponent.service(WebComponent.java:425) [retail-store-1.0-SNAPSHOT.jar:na]
! at org.glassfish.jersey.servlet.ServletContainer.service(ServletContainer.java:383) [retail-store-1.0-SNAPSHOT.jar:na]
! at org.glassfish.jersey.servlet.ServletContainer.service(ServletContainer.java:336) [retail-store-1.0-SNAPSHOT.jar:na]
! at org.glassfish.jersey.servlet.ServletContainer.service(ServletContainer.java:223) [retail-store-1.0-SNAPSHOT.jar:na]
! at io.dropwizard.jetty.NonblockingServletHolder.handle(NonblockingServletHolder.java:49) [retail-store-1.0-SNAPSHOT.jar:na]
! at org.eclipse.jetty.servlet.ServletHandler$CachedChain.doFilter(ServletHandler.java:1669) [retail-store-1.0-SNAPSHOT.jar:na]
! at org.eclipse.jetty.servlets.UserAgentFilter.doFilter(UserAgentFilter.java:83) [retail-store-1.0-SNAPSHOT.jar:na]
! at org.eclipse.jetty.servlets.GzipFilter.doFilter(GzipFilter.java:300) [retail-store-1.0-SNAPSHOT.jar:na]
! at io.dropwizard.jetty.BiDiGzipFilter.doFilter(BiDiGzipFilter.java:132) [retail-store-1.0-SNAPSHOT.jar:na]
! at org.eclipse.jetty.servlet.ServletHandler$CachedChain.doFilter(ServletHandler.java:1652) [retail-store-1.0-SNAPSHOT.jar:na]
! at io.dropwizard.servlets.ThreadNameFilter.doFilter(ThreadNameFilter.java:29) [retail-store-1.0-SNAPSHOT.jar:na]
! at org.eclipse.jetty.servlet.ServletHandler$CachedChain.doFilter(ServletHandler.java:1652) [retail-store-1.0-SNAPSHOT.jar:na]
! at io.dropwizard.jersey.filter.AllowedMethodsFilter.handle(AllowedMethodsFilter.java:43) [retail-store-1.0-SNAPSHOT.jar:na]
! at io.dropwizard.jersey.filter.AllowedMethodsFilter.doFilter(AllowedMethodsFilter.java:38) [retail-store-1.0-SNAPSHOT.jar:na]
! at org.eclipse.jetty.servlet.ServletHandler$CachedChain.doFilter(ServletHandler.java:1652) [retail-store-1.0-SNAPSHOT.jar:na]
! at org.eclipse.jetty.servlet.ServletHandler.doHandle(ServletHandler.java:585) [retail-store-1.0-SNAPSHOT.jar:na]
! at org.eclipse.jetty.server.handler.ContextHandler.doHandle(ContextHandler.java:1127) [retail-store-1.0-SNAPSHOT.jar:na]
! at org.eclipse.jetty.servlet.ServletHandler.doScope(ServletHandler.java:515) [retail-store-1.0-SNAPSHOT.jar:na]
! at org.eclipse.jetty.server.handler.ContextHandler.doScope(ContextHandler.java:1061) [retail-store-1.0-SNAPSHOT.jar:na]
! at org.eclipse.jetty.server.handler.ScopedHandler.handle(ScopedHandler.java:141) [retail-store-1.0-SNAPSHOT.jar:na]
! at org.eclipse.jetty.server.handler.HandlerWrapper.handle(HandlerWrapper.java:97) [retail-store-1.0-SNAPSHOT.jar:na]
! at com.codahale.metrics.jetty9.InstrumentedHandler.handle(InstrumentedHandler.java:240) [retail-store-1.0-SNAPSHOT.jar:na]
! at io.dropwizard.jetty.RoutingHandler.handle(RoutingHandler.java:51) [retail-store-1.0-SNAPSHOT.jar:na]
! at org.eclipse.jetty.server.handler.HandlerWrapper.handle(HandlerWrapper.java:97) [retail-store-1.0-SNAPSHOT.jar:na]
! at org.eclipse.jetty.server.handler.RequestLogHandler.handle(RequestLogHandler.java:95) [retail-store-1.0-SNAPSHOT.jar:na]
! at org.eclipse.jetty.server.handler.HandlerWrapper.handle(HandlerWrapper.java:97) [retail-store-1.0-SNAPSHOT.jar:na]
! at org.eclipse.jetty.server.handler.StatisticsHandler.handle(StatisticsHandler.java:159) [retail-store-1.0-SNAPSHOT.jar:na]
! at org.eclipse.jetty.server.handler.HandlerWrapper.handle(HandlerWrapper.java:97) [retail-store-1.0-SNAPSHOT.jar:na]
! at org.eclipse.jetty.server.Server.handle(Server.java:499) [retail-store-1.0-SNAPSHOT.jar:na]
! at org.eclipse.jetty.server.HttpChannel.handle(HttpChannel.java:310) [retail-store-1.0-SNAPSHOT.jar:na]
! at org.eclipse.jetty.server.HttpConnection.onFillable(HttpConnection.java:257) [retail-store-1.0-SNAPSHOT.jar:na]
! at org.eclipse.jetty.io.AbstractConnection$2.run(AbstractConnection.java:540) [retail-store-1.0-SNAPSHOT.jar:na]
! at org.eclipse.jetty.util.thread.QueuedThreadPool.runJob(QueuedThreadPool.java:635) [retail-store-1.0-SNAPSHOT.jar:na]
! at org.eclipse.jetty.util.thread.QueuedThreadPool$3.run(QueuedThreadPool.java:555) [retail-store-1.0-SNAPSHOT.jar:na]
! at java.lang.Thread.run(Thread.java:748) [na:1.8.0_191]
INFO  [2019-06-09 02:23:08,824] org.springframework.web.context.support.AnnotationConfigWebApplicationContext: Closing Root WebApplicationContext: startup date [Sun Jun 09 07:50:27 IST 2019]; root of context hierarchy
INFO  [2019-06-09 02:23:08,824] org.springframework.web.context.support.AnnotationConfigWebApplicationContext: Closing Root WebApplicationContext: startup date [Sun Jun 09 07:50:27 IST 2019]; parent: Root WebApplicationContext
INFO  [2019-06-09 02:23:08,829] org.eclipse.jetty.server.ServerConnector: Stopped application@4fd1458d{HTTP/1.1}{0.0.0.0:9000}
INFO  [2019-06-09 02:23:08,830] org.eclipse.jetty.server.ServerConnector: Stopped admin@5d6850f7{HTTP/1.1}{0.0.0.0:9001}
INFO  [2019-06-09 02:23:08,831] org.eclipse.jetty.server.handler.ContextHandler: Stopped i.d.j.MutableServletContextHandler@6580f76c{/,null,UNAVAILABLE}
INFO  [2019-06-09 02:23:08,839] org.eclipse.jetty.server.handler.ContextHandler: Stopped i.d.j.MutableServletContextHandler@481beb8b{/,null,UNAVAILABLE}
INFO  [2019-06-09 02:23:30,631] org.eclipse.jetty.util.log: Logging initialized @1084ms
INFO  [2019-06-09 02:23:30,697] io.dropwizard.assets.AssetsBundle: Registering AssetBundle with name: swagger-assets for path /media-ocean/retail-store/swagger-static/*
INFO  [2019-06-09 02:23:32,284] org.reflections.Reflections: Reflections took 1539 ms to scan 1 urls, producing 19654 keys and 36770 values 
INFO  [2019-06-09 02:23:32,406] org.springframework.web.context.support.AnnotationConfigWebApplicationContext: Refreshing Root WebApplicationContext: startup date [Sun Jun 09 07:53:32 IST 2019]; root of context hierarchy
INFO  [2019-06-09 02:23:32,504] org.springframework.beans.factory.annotation.AutowiredAnnotationBeanPostProcessor: JSR-330 'javax.inject.Inject' annotation found and supported for autowiring
INFO  [2019-06-09 02:23:32,540] org.springframework.web.context.support.AnnotationConfigWebApplicationContext: Refreshing Root WebApplicationContext: startup date [Sun Jun 09 07:53:32 IST 2019]; parent: Root WebApplicationContext
INFO  [2019-06-09 02:23:32,541] org.springframework.web.context.support.AnnotationConfigWebApplicationContext: Registering annotated classes: [class com.mediaocean.retailstore.config.RetailStoreSpringConfiguration]
INFO  [2019-06-09 02:23:32,697] org.springframework.beans.factory.annotation.AutowiredAnnotationBeanPostProcessor: JSR-330 'javax.inject.Inject' annotation found and supported for autowiring
INFO  [2019-06-09 02:23:32,911] org.reflections.Reflections: Reflections took 50 ms to scan 1 urls, producing 19 keys and 36 values 
INFO  [2019-06-09 02:23:32,913] io.dropwizard.server.ServerFactory: Starting retail-store
INFO  [2019-06-09 02:23:32,922] io.dropwizard.server.DefaultServerFactory: Registering jersey handler with root path prefix: /
INFO  [2019-06-09 02:23:32,935] io.dropwizard.server.DefaultServerFactory: Registering admin handler with root path prefix: /
INFO  [2019-06-09 02:23:32,991] org.eclipse.jetty.setuid.SetUIDListener: Opened application@510fb1d8{HTTP/1.1}{0.0.0.0:9000}
INFO  [2019-06-09 02:23:32,991] org.eclipse.jetty.setuid.SetUIDListener: Opened admin@22d61fa7{HTTP/1.1}{0.0.0.0:9001}
INFO  [2019-06-09 02:23:32,994] org.eclipse.jetty.server.Server: jetty-9.2.z-SNAPSHOT
INFO  [2019-06-09 02:23:33,721] io.dropwizard.jersey.DropwizardResourceConfig: The following paths were found for the configured resources:

    POST    /media-ocean/retail-store/billing (com.mediaocean.retailstore.resources.BillingResource)
    GET     /media-ocean/retail-store/categories (com.mediaocean.retailstore.resources.CategoryResource)
    POST    /media-ocean/retail-store/categories (com.mediaocean.retailstore.resources.CategoryResource)
    GET     /media-ocean/retail-store/healthcheck (com.mediaocean.retailstore.resources.HealthCheckResource)
    GET     /media-ocean/retail-store/products (com.mediaocean.retailstore.resources.ProductResource)
    POST    /media-ocean/retail-store/products (com.mediaocean.retailstore.resources.ProductResource)
    GET     /media-ocean/retail-store/swagger (io.federecio.dropwizard.swagger.SwaggerResource)
    GET     /media-ocean/retail-store/swagger.json (com.wordnik.swagger.jaxrs.listing.ApiListingResource)
    GET     /media-ocean/retail-store/swagger.yaml (com.wordnik.swagger.jaxrs.listing.ApiListingResource)

INFO  [2019-06-09 02:23:33,722] org.eclipse.jetty.server.handler.ContextHandler: Started i.d.j.MutableServletContextHandler@481beb8b{/,null,AVAILABLE}
INFO  [2019-06-09 02:23:33,725] io.dropwizard.setup.AdminEnvironment: tasks = 

    POST    /tasks/log-level (io.dropwizard.servlets.tasks.LogConfigurationTask)
    POST    /tasks/gc (io.dropwizard.servlets.tasks.GarbageCollectionTask)

INFO  [2019-06-09 02:23:33,729] org.eclipse.jetty.server.handler.ContextHandler: Started i.d.j.MutableServletContextHandler@6580f76c{/,null,AVAILABLE}
INFO  [2019-06-09 02:23:33,736] org.eclipse.jetty.server.ServerConnector: Started application@510fb1d8{HTTP/1.1}{0.0.0.0:9000}
INFO  [2019-06-09 02:23:33,739] org.eclipse.jetty.server.ServerConnector: Started admin@22d61fa7{HTTP/1.1}{0.0.0.0:9001}
INFO  [2019-06-09 02:23:33,739] org.eclipse.jetty.server.Server: Started @4194ms
ERROR [2019-06-09 02:23:38,478] com.mediaocean.retailstore.exception.RetailStoreExceptionMapper: com.mediaocean.retailstore.util.RestResponse@30b75816
! com.mediaocean.retailstore.exception.RetailStoreException: Invalid Product ID in the Cart [0]. Resend request with correct product Id
! at generateItemizedBill(BillingServiceImpl.java:26) ~[retail-store-1.0-SNAPSHOT.jar:na]
! at com.mediaocean.retailstore.resources.BillingResource.generateTotalBillAmount(BillingResource.java:39) ~[retail-store-1.0-SNAPSHOT.jar:na]
! at sun.reflect.NativeMethodAccessorImpl.invoke0(Native Method) ~[na:1.8.0_191]
! at sun.reflect.NativeMethodAccessorImpl.invoke(NativeMethodAccessorImpl.java:62) ~[na:1.8.0_191]
! at sun.reflect.DelegatingMethodAccessorImpl.invoke(DelegatingMethodAccessorImpl.java:43) ~[na:1.8.0_191]
! at java.lang.reflect.Method.invoke(Method.java:498) ~[na:1.8.0_191]
! at org.glassfish.jersey.server.model.internal.ResourceMethodInvocationHandlerFactory$1.invoke(ResourceMethodInvocationHandlerFactory.java:81) ~[retail-store-1.0-SNAPSHOT.jar:na]
! at org.glassfish.jersey.server.model.internal.AbstractJavaResourceMethodDispatcher$1.run(AbstractJavaResourceMethodDispatcher.java:144) ~[retail-store-1.0-SNAPSHOT.jar:na]
! at org.glassfish.jersey.server.model.internal.AbstractJavaResourceMethodDispatcher.invoke(AbstractJavaResourceMethodDispatcher.java:161) ~[retail-store-1.0-SNAPSHOT.jar:na]
! at org.glassfish.jersey.server.model.internal.JavaResourceMethodDispatcherProvider$TypeOutInvoker.doDispatch(JavaResourceMethodDispatcherProvider.java:205) ~[retail-store-1.0-SNAPSHOT.jar:na]
! at org.glassfish.jersey.server.model.internal.AbstractJavaResourceMethodDispatcher.dispatch(AbstractJavaResourceMethodDispatcher.java:99) ~[retail-store-1.0-SNAPSHOT.jar:na]
! at org.glassfish.jersey.server.model.ResourceMethodInvoker.invoke(ResourceMethodInvoker.java:389) ~[retail-store-1.0-SNAPSHOT.jar:na]
! at org.glassfish.jersey.server.model.ResourceMethodInvoker.apply(ResourceMethodInvoker.java:347) ~[retail-store-1.0-SNAPSHOT.jar:na]
! at org.glassfish.jersey.server.model.ResourceMethodInvoker.apply(ResourceMethodInvoker.java:102) ~[retail-store-1.0-SNAPSHOT.jar:na]
! at org.glassfish.jersey.server.ServerRuntime$2.run(ServerRuntime.java:326) ~[retail-store-1.0-SNAPSHOT.jar:na]
! at org.glassfish.jersey.internal.Errors$1.call(Errors.java:271) [retail-store-1.0-SNAPSHOT.jar:na]
! at org.glassfish.jersey.internal.Errors$1.call(Errors.java:267) [retail-store-1.0-SNAPSHOT.jar:na]
! at org.glassfish.jersey.internal.Errors.process(Errors.java:315) [retail-store-1.0-SNAPSHOT.jar:na]
! at org.glassfish.jersey.internal.Errors.process(Errors.java:297) [retail-store-1.0-SNAPSHOT.jar:na]
! at org.glassfish.jersey.internal.Errors.process(Errors.java:267) [retail-store-1.0-SNAPSHOT.jar:na]
! at org.glassfish.jersey.process.internal.RequestScope.runInScope(RequestScope.java:317) [retail-store-1.0-SNAPSHOT.jar:na]
! at org.glassfish.jersey.server.ServerRuntime.process(ServerRuntime.java:305) [retail-store-1.0-SNAPSHOT.jar:na]
! at org.glassfish.jersey.server.ApplicationHandler.handle(ApplicationHandler.java:1154) [retail-store-1.0-SNAPSHOT.jar:na]
! at org.glassfish.jersey.servlet.WebComponent.serviceImpl(WebComponent.java:471) [retail-store-1.0-SNAPSHOT.jar:na]
! at org.glassfish.jersey.servlet.WebComponent.service(WebComponent.java:425) [retail-store-1.0-SNAPSHOT.jar:na]
! at org.glassfish.jersey.servlet.ServletContainer.service(ServletContainer.java:383) [retail-store-1.0-SNAPSHOT.jar:na]
! at org.glassfish.jersey.servlet.ServletContainer.service(ServletContainer.java:336) [retail-store-1.0-SNAPSHOT.jar:na]
! at org.glassfish.jersey.servlet.ServletContainer.service(ServletContainer.java:223) [retail-store-1.0-SNAPSHOT.jar:na]
! at io.dropwizard.jetty.NonblockingServletHolder.handle(NonblockingServletHolder.java:49) [retail-store-1.0-SNAPSHOT.jar:na]
! at org.eclipse.jetty.servlet.ServletHandler$CachedChain.doFilter(ServletHandler.java:1669) [retail-store-1.0-SNAPSHOT.jar:na]
! at org.eclipse.jetty.servlets.UserAgentFilter.doFilter(UserAgentFilter.java:83) [retail-store-1.0-SNAPSHOT.jar:na]
! at org.eclipse.jetty.servlets.GzipFilter.doFilter(GzipFilter.java:300) [retail-store-1.0-SNAPSHOT.jar:na]
! at io.dropwizard.jetty.BiDiGzipFilter.doFilter(BiDiGzipFilter.java:132) [retail-store-1.0-SNAPSHOT.jar:na]
! at org.eclipse.jetty.servlet.ServletHandler$CachedChain.doFilter(ServletHandler.java:1652) [retail-store-1.0-SNAPSHOT.jar:na]
! at io.dropwizard.servlets.ThreadNameFilter.doFilter(ThreadNameFilter.java:29) [retail-store-1.0-SNAPSHOT.jar:na]
! at org.eclipse.jetty.servlet.ServletHandler$CachedChain.doFilter(ServletHandler.java:1652) [retail-store-1.0-SNAPSHOT.jar:na]
! at io.dropwizard.jersey.filter.AllowedMethodsFilter.handle(AllowedMethodsFilter.java:43) [retail-store-1.0-SNAPSHOT.jar:na]
! at io.dropwizard.jersey.filter.AllowedMethodsFilter.doFilter(AllowedMethodsFilter.java:38) [retail-store-1.0-SNAPSHOT.jar:na]
! at org.eclipse.jetty.servlet.ServletHandler$CachedChain.doFilter(ServletHandler.java:1652) [retail-store-1.0-SNAPSHOT.jar:na]
! at org.eclipse.jetty.servlet.ServletHandler.doHandle(ServletHandler.java:585) [retail-store-1.0-SNAPSHOT.jar:na]
! at org.eclipse.jetty.server.handler.ContextHandler.doHandle(ContextHandler.java:1127) [retail-store-1.0-SNAPSHOT.jar:na]
! at org.eclipse.jetty.servlet.ServletHandler.doScope(ServletHandler.java:515) [retail-store-1.0-SNAPSHOT.jar:na]
! at org.eclipse.jetty.server.handler.ContextHandler.doScope(ContextHandler.java:1061) [retail-store-1.0-SNAPSHOT.jar:na]
! at org.eclipse.jetty.server.handler.ScopedHandler.handle(ScopedHandler.java:141) [retail-store-1.0-SNAPSHOT.jar:na]
! at org.eclipse.jetty.server.handler.HandlerWrapper.handle(HandlerWrapper.java:97) [retail-store-1.0-SNAPSHOT.jar:na]
! at com.codahale.metrics.jetty9.InstrumentedHandler.handle(InstrumentedHandler.java:240) [retail-store-1.0-SNAPSHOT.jar:na]
! at io.dropwizard.jetty.RoutingHandler.handle(RoutingHandler.java:51) [retail-store-1.0-SNAPSHOT.jar:na]
! at org.eclipse.jetty.server.handler.HandlerWrapper.handle(HandlerWrapper.java:97) [retail-store-1.0-SNAPSHOT.jar:na]
! at org.eclipse.jetty.server.handler.RequestLogHandler.handle(RequestLogHandler.java:95) [retail-store-1.0-SNAPSHOT.jar:na]
! at org.eclipse.jetty.server.handler.HandlerWrapper.handle(HandlerWrapper.java:97) [retail-store-1.0-SNAPSHOT.jar:na]
! at org.eclipse.jetty.server.handler.StatisticsHandler.handle(StatisticsHandler.java:159) [retail-store-1.0-SNAPSHOT.jar:na]
! at org.eclipse.jetty.server.handler.HandlerWrapper.handle(HandlerWrapper.java:97) [retail-store-1.0-SNAPSHOT.jar:na]
! at org.eclipse.jetty.server.Server.handle(Server.java:499) [retail-store-1.0-SNAPSHOT.jar:na]
! at org.eclipse.jetty.server.HttpChannel.handle(HttpChannel.java:310) [retail-store-1.0-SNAPSHOT.jar:na]
! at org.eclipse.jetty.server.HttpConnection.onFillable(HttpConnection.java:257) [retail-store-1.0-SNAPSHOT.jar:na]
! at org.eclipse.jetty.io.AbstractConnection$2.run(AbstractConnection.java:540) [retail-store-1.0-SNAPSHOT.jar:na]
! at org.eclipse.jetty.util.thread.QueuedThreadPool.runJob(QueuedThreadPool.java:635) [retail-store-1.0-SNAPSHOT.jar:na]
! at org.eclipse.jetty.util.thread.QueuedThreadPool$3.run(QueuedThreadPool.java:555) [retail-store-1.0-SNAPSHOT.jar:na]
! at java.lang.Thread.run(Thread.java:748) [na:1.8.0_191]
INFO  [2019-06-09 02:23:52,372] org.springframework.web.context.support.AnnotationConfigWebApplicationContext: Closing Root WebApplicationContext: startup date [Sun Jun 09 07:53:32 IST 2019]; parent: Root WebApplicationContext
INFO  [2019-06-09 02:23:52,372] org.springframework.web.context.support.AnnotationConfigWebApplicationContext: Closing Root WebApplicationContext: startup date [Sun Jun 09 07:53:32 IST 2019]; root of context hierarchy
INFO  [2019-06-09 02:23:52,380] org.eclipse.jetty.server.ServerConnector: Stopped application@510fb1d8{HTTP/1.1}{0.0.0.0:9000}
INFO  [2019-06-09 02:23:52,381] org.eclipse.jetty.server.ServerConnector: Stopped admin@22d61fa7{HTTP/1.1}{0.0.0.0:9001}
INFO  [2019-06-09 02:23:52,382] org.eclipse.jetty.server.handler.ContextHandler: Stopped i.d.j.MutableServletContextHandler@6580f76c{/,null,UNAVAILABLE}
INFO  [2019-06-09 02:23:52,385] org.eclipse.jetty.server.handler.ContextHandler: Stopped i.d.j.MutableServletContextHandler@481beb8b{/,null,UNAVAILABLE}
INFO  [2019-06-09 02:27:45,734] org.eclipse.jetty.util.log: Logging initialized @1087ms
INFO  [2019-06-09 02:27:45,800] io.dropwizard.assets.AssetsBundle: Registering AssetBundle with name: swagger-assets for path /media-ocean/retail-store/swagger-static/*
INFO  [2019-06-09 02:27:47,410] org.reflections.Reflections: Reflections took 1563 ms to scan 1 urls, producing 19654 keys and 36770 values 
INFO  [2019-06-09 02:27:47,532] org.springframework.web.context.support.AnnotationConfigWebApplicationContext: Refreshing Root WebApplicationContext: startup date [Sun Jun 09 07:57:47 IST 2019]; root of context hierarchy
INFO  [2019-06-09 02:27:47,630] org.springframework.beans.factory.annotation.AutowiredAnnotationBeanPostProcessor: JSR-330 'javax.inject.Inject' annotation found and supported for autowiring
INFO  [2019-06-09 02:27:47,666] org.springframework.web.context.support.AnnotationConfigWebApplicationContext: Refreshing Root WebApplicationContext: startup date [Sun Jun 09 07:57:47 IST 2019]; parent: Root WebApplicationContext
INFO  [2019-06-09 02:27:47,667] org.springframework.web.context.support.AnnotationConfigWebApplicationContext: Registering annotated classes: [class com.mediaocean.retailstore.config.RetailStoreSpringConfiguration]
INFO  [2019-06-09 02:27:47,813] org.springframework.beans.factory.annotation.AutowiredAnnotationBeanPostProcessor: JSR-330 'javax.inject.Inject' annotation found and supported for autowiring
INFO  [2019-06-09 02:27:48,030] org.reflections.Reflections: Reflections took 48 ms to scan 1 urls, producing 19 keys and 36 values 
INFO  [2019-06-09 02:27:48,032] io.dropwizard.server.ServerFactory: Starting retail-store
INFO  [2019-06-09 02:27:48,041] io.dropwizard.server.DefaultServerFactory: Registering jersey handler with root path prefix: /
INFO  [2019-06-09 02:27:48,053] io.dropwizard.server.DefaultServerFactory: Registering admin handler with root path prefix: /
INFO  [2019-06-09 02:27:48,105] org.eclipse.jetty.setuid.SetUIDListener: Opened application@4fd1458d{HTTP/1.1}{0.0.0.0:9000}
INFO  [2019-06-09 02:27:48,106] org.eclipse.jetty.setuid.SetUIDListener: Opened admin@5d6850f7{HTTP/1.1}{0.0.0.0:9001}
INFO  [2019-06-09 02:27:48,108] org.eclipse.jetty.server.Server: jetty-9.2.z-SNAPSHOT
INFO  [2019-06-09 02:27:48,822] io.dropwizard.jersey.DropwizardResourceConfig: The following paths were found for the configured resources:

    POST    /media-ocean/retail-store/billing (com.mediaocean.retailstore.resources.BillingResource)
    GET     /media-ocean/retail-store/categories (com.mediaocean.retailstore.resources.CategoryResource)
    POST    /media-ocean/retail-store/categories (com.mediaocean.retailstore.resources.CategoryResource)
    GET     /media-ocean/retail-store/healthcheck (com.mediaocean.retailstore.resources.HealthCheckResource)
    GET     /media-ocean/retail-store/products (com.mediaocean.retailstore.resources.ProductResource)
    POST    /media-ocean/retail-store/products (com.mediaocean.retailstore.resources.ProductResource)
    GET     /media-ocean/retail-store/swagger (io.federecio.dropwizard.swagger.SwaggerResource)
    GET     /media-ocean/retail-store/swagger.json (com.wordnik.swagger.jaxrs.listing.ApiListingResource)
    GET     /media-ocean/retail-store/swagger.yaml (com.wordnik.swagger.jaxrs.listing.ApiListingResource)

INFO  [2019-06-09 02:27:48,823] org.eclipse.jetty.server.handler.ContextHandler: Started i.d.j.MutableServletContextHandler@481beb8b{/,null,AVAILABLE}
INFO  [2019-06-09 02:27:48,827] io.dropwizard.setup.AdminEnvironment: tasks = 

    POST    /tasks/log-level (io.dropwizard.servlets.tasks.LogConfigurationTask)
    POST    /tasks/gc (io.dropwizard.servlets.tasks.GarbageCollectionTask)

INFO  [2019-06-09 02:27:48,831] org.eclipse.jetty.server.handler.ContextHandler: Started i.d.j.MutableServletContextHandler@6580f76c{/,null,AVAILABLE}
INFO  [2019-06-09 02:27:48,838] org.eclipse.jetty.server.ServerConnector: Started application@4fd1458d{HTTP/1.1}{0.0.0.0:9000}
INFO  [2019-06-09 02:27:48,841] org.eclipse.jetty.server.ServerConnector: Started admin@5d6850f7{HTTP/1.1}{0.0.0.0:9001}
INFO  [2019-06-09 02:27:48,841] org.eclipse.jetty.server.Server: Started @4195ms
ERROR [2019-06-09 02:28:04,735] com.mediaocean.retailstore.exception.RetailStoreExceptionMapper: com.mediaocean.retailstore.util.RestResponse@117800be
! com.mediaocean.retailstore.exception.RetailStoreException: Invalid Product ID in the Cart [0]. Resend request with correct product Id
! at generateItemizedBill(BillingServiceImpl.java:26) ~[retail-store-1.0-SNAPSHOT.jar:na]
! at com.mediaocean.retailstore.resources.BillingResource.generateTotalBillAmount(BillingResource.java:39) ~[retail-store-1.0-SNAPSHOT.jar:na]
! at sun.reflect.NativeMethodAccessorImpl.invoke0(Native Method) ~[na:1.8.0_191]
! at sun.reflect.NativeMethodAccessorImpl.invoke(NativeMethodAccessorImpl.java:62) ~[na:1.8.0_191]
! at sun.reflect.DelegatingMethodAccessorImpl.invoke(DelegatingMethodAccessorImpl.java:43) ~[na:1.8.0_191]
! at java.lang.reflect.Method.invoke(Method.java:498) ~[na:1.8.0_191]
! at org.glassfish.jersey.server.model.internal.ResourceMethodInvocationHandlerFactory$1.invoke(ResourceMethodInvocationHandlerFactory.java:81) ~[retail-store-1.0-SNAPSHOT.jar:na]
! at org.glassfish.jersey.server.model.internal.AbstractJavaResourceMethodDispatcher$1.run(AbstractJavaResourceMethodDispatcher.java:144) ~[retail-store-1.0-SNAPSHOT.jar:na]
! at org.glassfish.jersey.server.model.internal.AbstractJavaResourceMethodDispatcher.invoke(AbstractJavaResourceMethodDispatcher.java:161) ~[retail-store-1.0-SNAPSHOT.jar:na]
! at org.glassfish.jersey.server.model.internal.JavaResourceMethodDispatcherProvider$TypeOutInvoker.doDispatch(JavaResourceMethodDispatcherProvider.java:205) ~[retail-store-1.0-SNAPSHOT.jar:na]
! at org.glassfish.jersey.server.model.internal.AbstractJavaResourceMethodDispatcher.dispatch(AbstractJavaResourceMethodDispatcher.java:99) ~[retail-store-1.0-SNAPSHOT.jar:na]
! at org.glassfish.jersey.server.model.ResourceMethodInvoker.invoke(ResourceMethodInvoker.java:389) ~[retail-store-1.0-SNAPSHOT.jar:na]
! at org.glassfish.jersey.server.model.ResourceMethodInvoker.apply(ResourceMethodInvoker.java:347) ~[retail-store-1.0-SNAPSHOT.jar:na]
! at org.glassfish.jersey.server.model.ResourceMethodInvoker.apply(ResourceMethodInvoker.java:102) ~[retail-store-1.0-SNAPSHOT.jar:na]
! at org.glassfish.jersey.server.ServerRuntime$2.run(ServerRuntime.java:326) ~[retail-store-1.0-SNAPSHOT.jar:na]
! at org.glassfish.jersey.internal.Errors$1.call(Errors.java:271) [retail-store-1.0-SNAPSHOT.jar:na]
! at org.glassfish.jersey.internal.Errors$1.call(Errors.java:267) [retail-store-1.0-SNAPSHOT.jar:na]
! at org.glassfish.jersey.internal.Errors.process(Errors.java:315) [retail-store-1.0-SNAPSHOT.jar:na]
! at org.glassfish.jersey.internal.Errors.process(Errors.java:297) [retail-store-1.0-SNAPSHOT.jar:na]
! at org.glassfish.jersey.internal.Errors.process(Errors.java:267) [retail-store-1.0-SNAPSHOT.jar:na]
! at org.glassfish.jersey.process.internal.RequestScope.runInScope(RequestScope.java:317) [retail-store-1.0-SNAPSHOT.jar:na]
! at org.glassfish.jersey.server.ServerRuntime.process(ServerRuntime.java:305) [retail-store-1.0-SNAPSHOT.jar:na]
! at org.glassfish.jersey.server.ApplicationHandler.handle(ApplicationHandler.java:1154) [retail-store-1.0-SNAPSHOT.jar:na]
! at org.glassfish.jersey.servlet.WebComponent.serviceImpl(WebComponent.java:471) [retail-store-1.0-SNAPSHOT.jar:na]
! at org.glassfish.jersey.servlet.WebComponent.service(WebComponent.java:425) [retail-store-1.0-SNAPSHOT.jar:na]
! at org.glassfish.jersey.servlet.ServletContainer.service(ServletContainer.java:383) [retail-store-1.0-SNAPSHOT.jar:na]
! at org.glassfish.jersey.servlet.ServletContainer.service(ServletContainer.java:336) [retail-store-1.0-SNAPSHOT.jar:na]
! at org.glassfish.jersey.servlet.ServletContainer.service(ServletContainer.java:223) [retail-store-1.0-SNAPSHOT.jar:na]
! at io.dropwizard.jetty.NonblockingServletHolder.handle(NonblockingServletHolder.java:49) [retail-store-1.0-SNAPSHOT.jar:na]
! at org.eclipse.jetty.servlet.ServletHandler$CachedChain.doFilter(ServletHandler.java:1669) [retail-store-1.0-SNAPSHOT.jar:na]
! at org.eclipse.jetty.servlets.UserAgentFilter.doFilter(UserAgentFilter.java:83) [retail-store-1.0-SNAPSHOT.jar:na]
! at org.eclipse.jetty.servlets.GzipFilter.doFilter(GzipFilter.java:300) [retail-store-1.0-SNAPSHOT.jar:na]
! at io.dropwizard.jetty.BiDiGzipFilter.doFilter(BiDiGzipFilter.java:132) [retail-store-1.0-SNAPSHOT.jar:na]
! at org.eclipse.jetty.servlet.ServletHandler$CachedChain.doFilter(ServletHandler.java:1652) [retail-store-1.0-SNAPSHOT.jar:na]
! at io.dropwizard.servlets.ThreadNameFilter.doFilter(ThreadNameFilter.java:29) [retail-store-1.0-SNAPSHOT.jar:na]
! at org.eclipse.jetty.servlet.ServletHandler$CachedChain.doFilter(ServletHandler.java:1652) [retail-store-1.0-SNAPSHOT.jar:na]
! at io.dropwizard.jersey.filter.AllowedMethodsFilter.handle(AllowedMethodsFilter.java:43) [retail-store-1.0-SNAPSHOT.jar:na]
! at io.dropwizard.jersey.filter.AllowedMethodsFilter.doFilter(AllowedMethodsFilter.java:38) [retail-store-1.0-SNAPSHOT.jar:na]
! at org.eclipse.jetty.servlet.ServletHandler$CachedChain.doFilter(ServletHandler.java:1652) [retail-store-1.0-SNAPSHOT.jar:na]
! at org.eclipse.jetty.servlet.ServletHandler.doHandle(ServletHandler.java:585) [retail-store-1.0-SNAPSHOT.jar:na]
! at org.eclipse.jetty.server.handler.ContextHandler.doHandle(ContextHandler.java:1127) [retail-store-1.0-SNAPSHOT.jar:na]
! at org.eclipse.jetty.servlet.ServletHandler.doScope(ServletHandler.java:515) [retail-store-1.0-SNAPSHOT.jar:na]
! at org.eclipse.jetty.server.handler.ContextHandler.doScope(ContextHandler.java:1061) [retail-store-1.0-SNAPSHOT.jar:na]
! at org.eclipse.jetty.server.handler.ScopedHandler.handle(ScopedHandler.java:141) [retail-store-1.0-SNAPSHOT.jar:na]
! at org.eclipse.jetty.server.handler.HandlerWrapper.handle(HandlerWrapper.java:97) [retail-store-1.0-SNAPSHOT.jar:na]
! at com.codahale.metrics.jetty9.InstrumentedHandler.handle(InstrumentedHandler.java:240) [retail-store-1.0-SNAPSHOT.jar:na]
! at io.dropwizard.jetty.RoutingHandler.handle(RoutingHandler.java:51) [retail-store-1.0-SNAPSHOT.jar:na]
! at org.eclipse.jetty.server.handler.HandlerWrapper.handle(HandlerWrapper.java:97) [retail-store-1.0-SNAPSHOT.jar:na]
! at org.eclipse.jetty.server.handler.RequestLogHandler.handle(RequestLogHandler.java:95) [retail-store-1.0-SNAPSHOT.jar:na]
! at org.eclipse.jetty.server.handler.HandlerWrapper.handle(HandlerWrapper.java:97) [retail-store-1.0-SNAPSHOT.jar:na]
! at org.eclipse.jetty.server.handler.StatisticsHandler.handle(StatisticsHandler.java:159) [retail-store-1.0-SNAPSHOT.jar:na]
! at org.eclipse.jetty.server.handler.HandlerWrapper.handle(HandlerWrapper.java:97) [retail-store-1.0-SNAPSHOT.jar:na]
! at org.eclipse.jetty.server.Server.handle(Server.java:499) [retail-store-1.0-SNAPSHOT.jar:na]
! at org.eclipse.jetty.server.HttpChannel.handle(HttpChannel.java:310) [retail-store-1.0-SNAPSHOT.jar:na]
! at org.eclipse.jetty.server.HttpConnection.onFillable(HttpConnection.java:257) [retail-store-1.0-SNAPSHOT.jar:na]
! at org.eclipse.jetty.io.AbstractConnection$2.run(AbstractConnection.java:540) [retail-store-1.0-SNAPSHOT.jar:na]
! at org.eclipse.jetty.util.thread.QueuedThreadPool.runJob(QueuedThreadPool.java:635) [retail-store-1.0-SNAPSHOT.jar:na]
! at org.eclipse.jetty.util.thread.QueuedThreadPool$3.run(QueuedThreadPool.java:555) [retail-store-1.0-SNAPSHOT.jar:na]
! at java.lang.Thread.run(Thread.java:748) [na:1.8.0_191]
INFO  [2019-06-09 02:33:03,643] org.springframework.web.context.support.AnnotationConfigWebApplicationContext: Closing Root WebApplicationContext: startup date [Sun Jun 09 07:57:47 IST 2019]; parent: Root WebApplicationContext
INFO  [2019-06-09 02:33:03,643] org.springframework.web.context.support.AnnotationConfigWebApplicationContext: Closing Root WebApplicationContext: startup date [Sun Jun 09 07:57:47 IST 2019]; root of context hierarchy
INFO  [2019-06-09 02:33:03,649] org.eclipse.jetty.server.ServerConnector: Stopped application@4fd1458d{HTTP/1.1}{0.0.0.0:9000}
INFO  [2019-06-09 02:33:03,650] org.eclipse.jetty.server.ServerConnector: Stopped admin@5d6850f7{HTTP/1.1}{0.0.0.0:9001}
INFO  [2019-06-09 02:33:03,651] org.eclipse.jetty.server.handler.ContextHandler: Stopped i.d.j.MutableServletContextHandler@6580f76c{/,null,UNAVAILABLE}
INFO  [2019-06-09 02:33:03,654] org.eclipse.jetty.server.handler.ContextHandler: Stopped i.d.j.MutableServletContextHandler@481beb8b{/,null,UNAVAILABLE}
INFO  [2019-06-09 02:54:18,494] org.eclipse.jetty.util.log: Logging initialized @1096ms
INFO  [2019-06-09 02:54:18,559] io.dropwizard.assets.AssetsBundle: Registering AssetBundle with name: swagger-assets for path /media-ocean/retail-store/swagger-static/*
INFO  [2019-06-09 02:54:20,263] org.reflections.Reflections: Reflections took 1655 ms to scan 1 urls, producing 21983 keys and 40714 values 
INFO  [2019-06-09 02:54:20,401] org.springframework.web.context.support.AnnotationConfigWebApplicationContext: Refreshing Root WebApplicationContext: startup date [Sun Jun 09 08:24:20 IST 2019]; root of context hierarchy
INFO  [2019-06-09 02:54:20,504] org.springframework.beans.factory.annotation.AutowiredAnnotationBeanPostProcessor: JSR-330 'javax.inject.Inject' annotation found and supported for autowiring
INFO  [2019-06-09 02:54:20,540] org.springframework.web.context.support.AnnotationConfigWebApplicationContext: Refreshing Root WebApplicationContext: startup date [Sun Jun 09 08:24:20 IST 2019]; parent: Root WebApplicationContext
INFO  [2019-06-09 02:54:20,541] org.springframework.web.context.support.AnnotationConfigWebApplicationContext: Registering annotated classes: [class com.mediaocean.retailstore.config.RetailStoreSpringConfiguration]
INFO  [2019-06-09 02:54:20,701] org.springframework.beans.factory.annotation.AutowiredAnnotationBeanPostProcessor: JSR-330 'javax.inject.Inject' annotation found and supported for autowiring
INFO  [2019-06-09 02:54:20,926] org.reflections.Reflections: Reflections took 46 ms to scan 1 urls, producing 19 keys and 39 values 
INFO  [2019-06-09 02:54:20,928] io.dropwizard.server.ServerFactory: Starting retail-store
INFO  [2019-06-09 02:54:20,936] io.dropwizard.server.DefaultServerFactory: Registering jersey handler with root path prefix: /
INFO  [2019-06-09 02:54:20,950] io.dropwizard.server.DefaultServerFactory: Registering admin handler with root path prefix: /
INFO  [2019-06-09 02:54:21,010] org.eclipse.jetty.setuid.SetUIDListener: Opened application@235b8132{HTTP/1.1}{0.0.0.0:9000}
INFO  [2019-06-09 02:54:21,010] org.eclipse.jetty.setuid.SetUIDListener: Opened admin@30f94b64{HTTP/1.1}{0.0.0.0:9001}
INFO  [2019-06-09 02:54:21,013] org.eclipse.jetty.server.Server: jetty-9.2.z-SNAPSHOT
INFO  [2019-06-09 02:54:21,756] io.dropwizard.jersey.DropwizardResourceConfig: The following paths were found for the configured resources:

    POST    /media-ocean/retail-store/billing (com.mediaocean.retailstore.resources.BillingResource)
    GET     /media-ocean/retail-store/categories (com.mediaocean.retailstore.resources.CategoryResource)
    POST    /media-ocean/retail-store/categories (com.mediaocean.retailstore.resources.CategoryResource)
    GET     /media-ocean/retail-store/healthcheck (com.mediaocean.retailstore.resources.HealthCheckResource)
    GET     /media-ocean/retail-store/products (com.mediaocean.retailstore.resources.ProductResource)
    POST    /media-ocean/retail-store/products (com.mediaocean.retailstore.resources.ProductResource)
    GET     /media-ocean/retail-store/swagger (io.federecio.dropwizard.swagger.SwaggerResource)
    GET     /media-ocean/retail-store/swagger.json (com.wordnik.swagger.jaxrs.listing.ApiListingResource)
    GET     /media-ocean/retail-store/swagger.yaml (com.wordnik.swagger.jaxrs.listing.ApiListingResource)

INFO  [2019-06-09 02:54:21,757] org.eclipse.jetty.server.handler.ContextHandler: Started i.d.j.MutableServletContextHandler@46e29b93{/,null,AVAILABLE}
INFO  [2019-06-09 02:54:21,761] io.dropwizard.setup.AdminEnvironment: tasks = 

    POST    /tasks/log-level (io.dropwizard.servlets.tasks.LogConfigurationTask)
    POST    /tasks/gc (io.dropwizard.servlets.tasks.GarbageCollectionTask)

INFO  [2019-06-09 02:54:21,765] org.eclipse.jetty.server.handler.ContextHandler: Started i.d.j.MutableServletContextHandler@150811b1{/,null,AVAILABLE}
INFO  [2019-06-09 02:54:21,772] org.eclipse.jetty.server.ServerConnector: Started application@235b8132{HTTP/1.1}{0.0.0.0:9000}
INFO  [2019-06-09 02:54:21,774] org.eclipse.jetty.server.ServerConnector: Started admin@30f94b64{HTTP/1.1}{0.0.0.0:9001}
INFO  [2019-06-09 02:54:21,775] org.eclipse.jetty.server.Server: Started @4378ms
INFO  [2019-06-09 02:54:32,044] org.reflections.Reflections: Reflections took 1165 ms to scan 1 urls, producing 21983 keys and 40714 values 
INFO  [2019-06-09 02:55:43,517] org.springframework.web.context.support.AnnotationConfigWebApplicationContext: Closing Root WebApplicationContext: startup date [Sun Jun 09 08:24:20 IST 2019]; parent: Root WebApplicationContext
INFO  [2019-06-09 02:55:43,517] org.springframework.web.context.support.AnnotationConfigWebApplicationContext: Closing Root WebApplicationContext: startup date [Sun Jun 09 08:24:20 IST 2019]; root of context hierarchy
WARN  [2019-06-09 02:55:43,523] org.eclipse.jetty.server.ServerConnector: 
! java.io.IOException: Thread signal failed
! at sun.nio.ch.NativeThread.signal(Native Method) ~[na:1.8.0_191]
! at sun.nio.ch.ServerSocketChannelImpl.implCloseSelectableChannel(ServerSocketChannelImpl.java:292) ~[na:1.8.0_191]
! at java.nio.channels.spi.AbstractSelectableChannel.implCloseChannel(AbstractSelectableChannel.java:234) ~[na:1.8.0_191]
! at java.nio.channels.spi.AbstractInterruptibleChannel.close(AbstractInterruptibleChannel.java:115) ~[na:1.8.0_191]
! at org.eclipse.jetty.server.ServerConnector.close(ServerConnector.java:359) [retail-store-1.0-SNAPSHOT.jar:na]
! at org.eclipse.jetty.server.AbstractNetworkConnector.shutdown(AbstractNetworkConnector.java:107) [retail-store-1.0-SNAPSHOT.jar:na]
! at org.eclipse.jetty.server.ServerConnector.shutdown(ServerConnector.java:341) [retail-store-1.0-SNAPSHOT.jar:na]
! at org.eclipse.jetty.server.Server.doStop(Server.java:404) [retail-store-1.0-SNAPSHOT.jar:na]
! at org.eclipse.jetty.util.component.AbstractLifeCycle.stop(AbstractLifeCycle.java:89) [retail-store-1.0-SNAPSHOT.jar:na]
! at org.eclipse.jetty.util.thread.ShutdownThread.run(ShutdownThread.java:138) [retail-store-1.0-SNAPSHOT.jar:na]
INFO  [2019-06-09 02:55:43,528] org.eclipse.jetty.server.ServerConnector: Stopped application@235b8132{HTTP/1.1}{0.0.0.0:9000}
INFO  [2019-06-09 02:55:43,528] org.eclipse.jetty.server.ServerConnector: Stopped admin@30f94b64{HTTP/1.1}{0.0.0.0:9001}
INFO  [2019-06-09 02:55:43,529] org.eclipse.jetty.server.handler.ContextHandler: Stopped i.d.j.MutableServletContextHandler@150811b1{/,null,UNAVAILABLE}
INFO  [2019-06-09 02:55:43,535] org.eclipse.jetty.server.handler.ContextHandler: Stopped i.d.j.MutableServletContextHandler@46e29b93{/,null,UNAVAILABLE}
INFO  [2019-06-09 05:55:04,710] org.eclipse.jetty.util.log: Logging initialized @1112ms
INFO  [2019-06-09 05:55:04,774] io.dropwizard.assets.AssetsBundle: Registering AssetBundle with name: swagger-assets for path /media-ocean/retail-store/swagger-static/*
INFO  [2019-06-09 05:55:06,574] org.reflections.Reflections: Reflections took 1753 ms to scan 1 urls, producing 21982 keys and 40713 values 
INFO  [2019-06-09 05:55:06,709] org.springframework.web.context.support.AnnotationConfigWebApplicationContext: Refreshing Root WebApplicationContext: startup date [Sun Jun 09 11:25:06 IST 2019]; root of context hierarchy
INFO  [2019-06-09 05:55:06,818] org.springframework.beans.factory.annotation.AutowiredAnnotationBeanPostProcessor: JSR-330 'javax.inject.Inject' annotation found and supported for autowiring
INFO  [2019-06-09 05:55:06,858] org.springframework.web.context.support.AnnotationConfigWebApplicationContext: Refreshing Root WebApplicationContext: startup date [Sun Jun 09 11:25:06 IST 2019]; parent: Root WebApplicationContext
INFO  [2019-06-09 05:55:06,859] org.springframework.web.context.support.AnnotationConfigWebApplicationContext: Registering annotated classes: [class com.mediaocean.retailstore.config.RetailStoreSpringConfiguration]
INFO  [2019-06-09 05:55:07,020] org.springframework.beans.factory.annotation.AutowiredAnnotationBeanPostProcessor: JSR-330 'javax.inject.Inject' annotation found and supported for autowiring
INFO  [2019-06-09 05:55:07,248] org.reflections.Reflections: Reflections took 56 ms to scan 1 urls, producing 19 keys and 39 values 
INFO  [2019-06-09 05:55:07,249] io.dropwizard.server.ServerFactory: Starting retail-store
INFO  [2019-06-09 05:55:07,257] io.dropwizard.server.DefaultServerFactory: Registering jersey handler with root path prefix: /
INFO  [2019-06-09 05:55:07,270] io.dropwizard.server.DefaultServerFactory: Registering admin handler with root path prefix: /
INFO  [2019-06-09 05:55:07,325] org.eclipse.jetty.setuid.SetUIDListener: Opened application@1d839d22{HTTP/1.1}{0.0.0.0:9000}
INFO  [2019-06-09 05:55:07,325] org.eclipse.jetty.setuid.SetUIDListener: Opened admin@256a4746{HTTP/1.1}{0.0.0.0:9001}
INFO  [2019-06-09 05:55:07,328] org.eclipse.jetty.server.Server: jetty-9.2.z-SNAPSHOT
INFO  [2019-06-09 05:55:08,195] io.dropwizard.jersey.DropwizardResourceConfig: The following paths were found for the configured resources:

    POST    /media-ocean/retail-store/billing (com.mediaocean.retailstore.resources.BillingResource)
    GET     /media-ocean/retail-store/categories (com.mediaocean.retailstore.resources.CategoryResource)
    POST    /media-ocean/retail-store/categories (com.mediaocean.retailstore.resources.CategoryResource)
    GET     /media-ocean/retail-store/healthcheck (com.mediaocean.retailstore.resources.HealthCheckResource)
    GET     /media-ocean/retail-store/products (com.mediaocean.retailstore.resources.ProductResource)
    POST    /media-ocean/retail-store/products (com.mediaocean.retailstore.resources.ProductResource)
    GET     /media-ocean/retail-store/swagger (io.federecio.dropwizard.swagger.SwaggerResource)
    GET     /media-ocean/retail-store/swagger.json (com.wordnik.swagger.jaxrs.listing.ApiListingResource)
    GET     /media-ocean/retail-store/swagger.yaml (com.wordnik.swagger.jaxrs.listing.ApiListingResource)

INFO  [2019-06-09 05:55:08,196] org.eclipse.jetty.server.handler.ContextHandler: Started i.d.j.MutableServletContextHandler@6020c1ec{/,null,AVAILABLE}
INFO  [2019-06-09 05:55:08,201] io.dropwizard.setup.AdminEnvironment: tasks = 

    POST    /tasks/log-level (io.dropwizard.servlets.tasks.LogConfigurationTask)
    POST    /tasks/gc (io.dropwizard.servlets.tasks.GarbageCollectionTask)

INFO  [2019-06-09 05:55:08,205] org.eclipse.jetty.server.handler.ContextHandler: Started i.d.j.MutableServletContextHandler@1a69aaa8{/,null,AVAILABLE}
INFO  [2019-06-09 05:55:08,214] org.eclipse.jetty.server.ServerConnector: Started application@1d839d22{HTTP/1.1}{0.0.0.0:9000}
INFO  [2019-06-09 05:55:08,216] org.eclipse.jetty.server.ServerConnector: Started admin@256a4746{HTTP/1.1}{0.0.0.0:9001}
INFO  [2019-06-09 05:55:08,217] org.eclipse.jetty.server.Server: Started @4620ms
INFO  [2019-06-09 05:55:18,165] org.reflections.Reflections: Reflections took 1264 ms to scan 1 urls, producing 21982 keys and 40713 values 
INFO  [2019-06-09 06:29:26,767] org.springframework.web.context.support.AnnotationConfigWebApplicationContext: Closing Root WebApplicationContext: startup date [Sun Jun 09 11:25:06 IST 2019]; root of context hierarchy
INFO  [2019-06-09 06:29:26,767] org.springframework.web.context.support.AnnotationConfigWebApplicationContext: Closing Root WebApplicationContext: startup date [Sun Jun 09 11:25:06 IST 2019]; parent: Root WebApplicationContext
INFO  [2019-06-09 06:29:26,773] org.eclipse.jetty.server.ServerConnector: Stopped application@1d839d22{HTTP/1.1}{0.0.0.0:9000}
INFO  [2019-06-09 06:29:26,774] org.eclipse.jetty.server.ServerConnector: Stopped admin@256a4746{HTTP/1.1}{0.0.0.0:9001}
INFO  [2019-06-09 06:29:26,775] org.eclipse.jetty.server.handler.ContextHandler: Stopped i.d.j.MutableServletContextHandler@1a69aaa8{/,null,UNAVAILABLE}
INFO  [2019-06-09 06:29:26,781] org.eclipse.jetty.server.handler.ContextHandler: Stopped i.d.j.MutableServletContextHandler@6020c1ec{/,null,UNAVAILABLE}
